生成启动时间为 2025/3/19 12:54:11。
     1>项目“F:\Projects\S2_1\S2_1\S2_1.vcxproj”在节点 2 上(build 个目标)。
     1>InitializeBuildStatus:
         正在创建“Debug\S2_1.unsuccessfulbuild”，因为已指定“AlwaysCreate”。
       ClCompile:
         D:\Develop\Visual C  _2010_学习版_离线包\VC\bin\CL.exe /c /ZI /nologo /W3 /WX- /Od /Oy- /D _MBCS /Gm /EHsc /RTC1 /MDd /GS /fp:precise /Zc:wchar_t /Zc:forScope /Fo"Debug\\" /Fd"Debug\vc100.pdb" /Gd /TP /analyze- /errorReport:prompt S2_4.cpp
         S2_4.cpp
       Link:
         D:\Develop\Visual C  _2010_学习版_离线包\VC\bin\link.exe /ERRORREPORT:PROMPT /OUT:"F:\Projects\S2_1\Debug\S2_1.exe" /NOLOGO kernel32.lib user32.lib gdi32.lib winspool.lib comdlg32.lib advapi32.lib shell32.lib ole32.lib oleaut32.lib uuid.lib odbc32.lib odbccp32.lib /MANIFEST /ManifestFile:"Debug\S2_1.exe.intermediate.manifest" /MANIFESTUAC:"level='asInvoker' uiAccess='false'" /DEBUG /PDB:"F:\Projects\S2_1\Debug\S2_1.pdb" /SUBSYSTEM:CONSOLE /TLBID:1 /DYNAMICBASE /NXCOMPAT /IMPLIB:"F:\Projects\S2_1\Debug\S2_1.lib" /MACHINE:X86 Debug\S2_1.obj
         Debug\S2_2.obj
         Debug\S2_3.obj
         Debug\S2_4.obj
         LINK : 没有找到 F:\Projects\S2_1\Debug\S2_1.exe 或上一个增量链接没有生成它；正在执行完全链接
         S2_1.vcxproj -> F:\Projects\S2_1\Debug\S2_1.exe
       Manifest:
         C:\Program Files (x86)\Microsoft SDKs\Windows\v7.0A\bin\mt.exe /nologo /verbose /outputresource:"F:\Projects\S2_1\Debug\S2_1.exe;#1" /manifest Debug\S2_1.exe.intermediate.manifest
       FinalizeBuildStatus:
         正在删除文件“Debug\S2_1.unsuccessfulbuild”。
         正在对“Debug\S2_1.lastbuildstate”执行 Touch 任务。
     1>已完成生成项目“F:\Projects\S2_1\S2_1\S2_1.vcxproj”(build 个目标)的操作。

生成成功。

已用时间 00:00:02.16
