生成启动时间为 2025/3/19 11:21:42。
     1>项目“c:\Users\administrator\documents\visual studio 2010\Projects\S1_1\S1_1\S1_1.vcxproj”在节点 2 上(build 个目标)。
     1>InitializeBuildStatus:
         正在创建“Debug\S1_1.unsuccessfulbuild”，因为已指定“AlwaysCreate”。
       ClCompile:
         C:\Program Files (x86)\Microsoft Visual Studio 10.0\VC\bin\CL.exe /c /ZI /nologo /W3 /WX- /Od /Oy- /D _MBCS /Gm /EHsc /RTC1 /MDd /GS /fp:precise /Zc:wchar_t /Zc:forScope /Fo"Debug\\" /Fd"Debug\vc100.pdb" /Gd /TP /analyze- /errorReport:prompt S1_3.cpp S1_4.cpp
         S1_4.cpp
         S1_3.cpp
         正在生成代码...
       Link:
         C:\Program Files (x86)\Microsoft Visual Studio 10.0\VC\bin\link.exe /ERRORREPORT:PROMPT /OUT:"c:\users\administrator\documents\visual studio 2010\Projects\S1_1\Debug\S1_1.exe" /NOLOGO kernel32.lib user32.lib gdi32.lib winspool.lib comdlg32.lib advapi32.lib shell32.lib ole32.lib oleaut32.lib uuid.lib odbc32.lib odbccp32.lib /MANIFEST /ManifestFile:"Debug\S1_1.exe.intermediate.manifest" /MANIFESTUAC:"level='asInvoker' uiAccess='false'" /DEBUG /PDB:"c:\users\administrator\documents\visual studio 2010\Projects\S1_1\Debug\S1_1.pdb" /SUBSYSTEM:CONSOLE /TLBID:1 /DYNAMICBASE /NXCOMPAT /IMPLIB:"c:\users\administrator\documents\visual studio 2010\Projects\S1_1\Debug\S1_1.lib" /MACHINE:X86 Debug\S1_1.obj
         Debug\S1_2.obj
         Debug\S1_3.obj
         Debug\S1_4.obj
         LINK : 没有找到 c:\users\administrator\documents\visual studio 2010\Projects\S1_1\Debug\S1_1.exe 或上一个增量链接没有生成它；正在执行完全链接
         S1_1.vcxproj -> c:\users\administrator\documents\visual studio 2010\Projects\S1_1\Debug\S1_1.exe
       Manifest:
         C:\Program Files (x86)\Microsoft SDKs\Windows\v7.0A\bin\mt.exe /nologo /verbose /outputresource:"c:\users\administrator\documents\visual studio 2010\Projects\S1_1\Debug\S1_1.exe;#1" /manifest Debug\S1_1.exe.intermediate.manifest
       FinalizeBuildStatus:
         正在删除文件“Debug\S1_1.unsuccessfulbuild”。
         正在对“Debug\S1_1.lastbuildstate”执行 Touch 任务。
     1>已完成生成项目“c:\Users\administrator\documents\visual studio 2010\Projects\S1_1\S1_1\S1_1.vcxproj”(build 个目标)的操作。

生成成功。

已用时间 00:00:03.01
